This file contains any messages produced by compilers while
running configure, to aid debugging if configure makes a mistake.

cc -o conftest conftest.c -ll
/usr/bin/ld: cannot find crt1.o: No such file or directory
/usr/bin/ld: cannot find crti.o: No such file or directory
/usr/bin/ld: cannot find -ll
/usr/bin/ld: cannot find -lc
/usr/bin/ld: cannot find crtn.o: No such file or directory
collect2: error: ld returned 1 exit status
gcc -E
configure:887:20: fatal error: assert.h: No such file or directory
 #include <assert.h>
                    ^
compilation terminated.
gcc -E -traditional-cpp
configure:901:0: fatal error: assert.h: No such file or directory
 #include <assert.h>
 ^
compilation terminated.
gcc -o conftest -g -O conftest.c
/usr/bin/ld: cannot find crt1.o: No such file or directory
/usr/bin/ld: cannot find crti.o: No such file or directory
/usr/bin/ld: cannot find -lc
/usr/bin/ld: cannot find crtn.o: No such file or directory
collect2: error: ld returned 1 exit status
/lib/cpp
configure:957:20: fatal error: stdlib.h: No such file or directory
 #include <stdlib.h>
                    ^
compilation terminated.
/lib/cpp
configure:1056:20: fatal error: unistd.h: No such file or directory
 #include <$ac_hdr>
                    ^
compilation terminated.
gcc -c -g -O conftest.c
gcc -c -g -O conftest.c
gcc -o conftest -g -O conftest.c
configure:1205:20: fatal error: alloca.h: No such file or directory
 #include <alloca.h>
                    ^
compilation terminated.
gcc -o conftest -g -O conftest.c
/usr/bin/ld: cannot find crt1.o: No such file or directory
/usr/bin/ld: cannot find crti.o: No such file or directory
/usr/bin/ld: cannot find -lc
/usr/bin/ld: cannot find crtn.o: No such file or directory
collect2: error: ld returned 1 exit status
/lib/cpp
gcc -o conftest -g -O conftest.c -lucb
/usr/bin/ld: cannot find crt1.o: No such file or directory
/usr/bin/ld: cannot find crti.o: No such file or directory
/usr/bin/ld: cannot find -lucb
/usr/bin/ld: cannot find -lc
/usr/bin/ld: cannot find crtn.o: No such file or directory
collect2: error: ld returned 1 exit status
gcc -o conftest -g -O conftest.c
configure:1464:20: fatal error: assert.h: No such file or directory
 #include <assert.h>
                    ^
compilation terminated.
gcc -o conftest -g -O conftest.c
configure:1464:20: fatal error: assert.h: No such file or directory
 #include <assert.h>
                    ^
compilation terminated.
gcc -o conftest -g -O conftest.c
configure:1464:20: fatal error: assert.h: No such file or directory
 #include <assert.h>
                    ^
compilation terminated.
